<?xml version="1.0" encoding="UTF-8"?>
<!-- Generated by org.testng.reporters.JUnitXMLReporter -->
<testsuite ignored="6" hostname="LAPTOP-B11BU3HC" failures="0" tests="4" name="Test" time="403.854" errors="0" timestamp="2025-12-28T17:10:17 IST">
  <testcase classname="cheak_Test.Register_test" name="Register_Account" time="110.014"/>
  <testcase classname="cheak_Test.LoginTest" name="loginFromExcel" time="0.009"/>
  <testcase classname="cheak_Test.Product_Test" name="Product" time="90.046"/>
  <testcase classname="cheak_Test.Cart_Test" name="Cart" time="167.392"/>
  <testcase classname="cheak_Base.Base_class" name="@AfterTest tearDown" time="0.0">
    <ignored/>
  </testcase> <!-- @AfterTest tearDown -->
  <testcase classname="cheak_Base.Base_class" name="@AfterTest tearDown" time="0.0">
    <ignored/>
  </testcase> <!-- @AfterTest tearDown -->
  <testcase classname="cheak_Base.Base_class" name="@BeforeTest setup" time="0.0">
    <ignored/>
  </testcase> <!-- @BeforeTest setup -->
  <testcase classname="cheak_Base.Base_class" name="@BeforeTest setup" time="0.0">
    <ignored/>
  </testcase> <!-- @BeforeTest setup -->
  <testcase classname="cheak_Base.Base_class" name="@AfterTest tearDown" time="0.0">
    <ignored/>
  </testcase> <!-- @AfterTest tearDown -->
  <testcase classname="cheak_Base.Base_class" name="@BeforeTest setup" time="0.0">
    <ignored/>
  </testcase> <!-- @BeforeTest setup -->
</testsuite> <!-- Test -->
