<?xml version="1.0" encoding="UTF-8"?>
<testng-results ignored="0" total="1" passed="1" failed="0" skipped="0">
  <reporter-output>
  </reporter-output>
  <suite started-at="2025-12-28T17:59:38 IST" name="Default suite" finished-at="2025-12-28T18:06:37 IST" duration-ms="419534">
    <groups>
    </groups>
    <test started-at="2025-12-28T17:59:38 IST" name="Default test" finished-at="2025-12-28T18:06:37 IST" duration-ms="419534">
      <class name="cheak_Test.LoginTest">
        <test-method is-config="true" signature="setup()[pri:0, instance:cheak_Test.LoginTest@5bda8e08]" started-at="2025-12-28T17:59:38 IST" name="setup" finished-at="2025-12-28T18:00:09 IST" duration-ms="31031" status="PASS">
          <reporter-output>
          </reporter-output>
        </test-method> <!-- setup -->
        <test-method signature="loginFromExcel()[pri:0, instance:cheak_Test.LoginTest@5bda8e08]" started-at="2025-12-28T18:00:09 IST" name="loginFromExcel" finished-at="2025-12-28T18:06:37 IST" duration-ms="387703" status="PASS">
          <reporter-output>
          </reporter-output>
        </test-method> <!-- loginFromExcel -->
        <test-method is-config="true" signature="tearDown()[pri:0, instance:cheak_Test.LoginTest@5bda8e08]" started-at="2025-12-28T18:06:37 IST" name="tearDown" finished-at="2025-12-28T18:06:37 IST" duration-ms="714" status="PASS">
          <reporter-output>
          </reporter-output>
        </test-method> <!-- tearDown -->
      </class> <!-- cheak_Test.LoginTest -->
    </test> <!-- Default test -->
  </suite> <!-- Default suite -->
</testng-results>
